<?xml version="1.0" encoding="utf-8"?><testsuites name="pytest tests"><testsuite name="pytest" errors="0" failures="0" skipped="0" tests="4" time="1.617" timestamp="2025-09-02T17:14:06.679995+00:00" hostname="kali"><testcase classname="tests.unit.environment.test_adaptive_dbe.TestAdaptiveDBE" name="test_crisis_regime" time="0.003" /><testcase classname="tests.unit.environment.test_adaptive_dbe.TestAdaptiveDBE" name="test_high_volatility_regime" time="0.002" /><testcase classname="tests.unit.environment.test_adaptive_dbe.TestAdaptiveDBE" name="test_initialization" time="0.001" /><testcase classname="tests.unit.environment.test_adaptive_dbe.TestAdaptiveDBE" name="test_update_with_market_data" time="0.002" /></testsuite></testsuites>
